\BOOKMARK [1][-]{section.1}{Data Structures}{}% 1
\BOOKMARK [2][-]{subsection.1.1}{Fenwick}{section.1}% 2
\BOOKMARK [2][-]{subsection.1.2}{Segtree Lazy}{section.1}% 3
\BOOKMARK [2][-]{subsection.1.3}{Segtree Topdown}{section.1}% 4
\BOOKMARK [2][-]{subsection.1.4}{SparseTable}{section.1}% 5
\BOOKMARK [1][-]{section.2}{DP}{}% 6
\BOOKMARK [2][-]{subsection.2.1}{Knapsack}{section.2}% 7
\BOOKMARK [2][-]{subsection.2.2}{Longest Increasing Sequence}{section.2}% 8
\BOOKMARK [1][-]{section.3}{Geometry}{}% 9
\BOOKMARK [2][-]{subsection.3.1}{Point}{section.3}% 10
\BOOKMARK [2][-]{subsection.3.2}{Convex Hull}{section.3}% 11
\BOOKMARK [1][-]{section.4}{ETC}{}% 12
\BOOKMARK [2][-]{subsection.4.1}{Bitset}{section.4}% 13
\BOOKMARK [2][-]{subsection.4.2}{Ternary Search}{section.4}% 14
\BOOKMARK [2][-]{subsection.4.3}{Mo Algorithm}{section.4}% 15
\BOOKMARK [1][-]{section.5}{Graph}{}% 16
\BOOKMARK [2][-]{subsection.5.1}{Dijkstra}{section.5}% 17
\BOOKMARK [2][-]{subsection.5.2}{DSU}{section.5}% 18
\BOOKMARK [2][-]{subsection.5.3}{Floyd Warshall}{section.5}% 19
\BOOKMARK [2][-]{subsection.5.4}{Kosaraju}{section.5}% 20
\BOOKMARK [2][-]{subsection.5.5}{Kruskal}{section.5}% 21
\BOOKMARK [2][-]{subsection.5.6}{Lowest Common Ancestor}{section.5}% 22
\BOOKMARK [2][-]{subsection.5.7}{Max Flow}{section.5}% 23
\BOOKMARK [2][-]{subsection.5.8}{Policy Based}{section.5}% 24
\BOOKMARK [2][-]{subsection.5.9}{2-sat}{section.5}% 25
\BOOKMARK [1][-]{section.6}{Math}{}% 26
\BOOKMARK [2][-]{subsection.6.1}{Extended Euclidean}{section.6}% 27
\BOOKMARK [2][-]{subsection.6.2}{Factorization}{section.6}% 28
\BOOKMARK [2][-]{subsection.6.3}{Fastexp}{section.6}% 29
\BOOKMARK [2][-]{subsection.6.4}{Phi}{section.6}% 30
\BOOKMARK [2][-]{subsection.6.5}{Pollard Rho}{section.6}% 31
\BOOKMARK [2][-]{subsection.6.6}{Polynomial}{section.6}% 32
\BOOKMARK [1][-]{section.7}{String}{}% 33
\BOOKMARK [2][-]{subsection.7.1}{KMP}{section.7}% 34
\BOOKMARK [2][-]{subsection.7.2}{RabinKarp}{section.7}% 35
\BOOKMARK [2][-]{subsection.7.3}{Trie}{section.7}% 36
\BOOKMARK [2][-]{subsection.7.4}{Z Function}{section.7}% 37
